mode: set
miniproject/configs/config.go:23.19,30.45 5 0
miniproject/configs/config.go:30.45,32.3 1 0
miniproject/configs/config.go:34.2,34.46 1 0
miniproject/configs/config.go:34.46,36.3 1 0
miniproject/configs/config.go:38.2,38.11 1 0
miniproject/databases/gorm.go:14.26,24.16 7 0
miniproject/databases/gorm.go:24.16,25.38 1 0
miniproject/databases/gorm.go:28.2,29.105 2 0
miniproject/helper/JWT_token.go:19.62,32.2 3 0
miniproject/helper/JWT_token.go:34.56,40.110 4 0
miniproject/helper/JWT_token.go:40.110,41.58 1 0
miniproject/helper/JWT_token.go:41.58,43.4 1 0
miniproject/helper/JWT_token.go:45.3,45.44 1 0
miniproject/helper/JWT_token.go:48.2,48.16 1 0
miniproject/helper/JWT_token.go:48.16,50.3 1 0
miniproject/helper/JWT_token.go:52.2,52.17 1 0
miniproject/helper/JWT_token.go:52.17,59.3 2 0
miniproject/helper/JWT_token.go:61.2,61.17 1 0
miniproject/helper/auth.go:7.52,13.2 3 0
miniproject/helper/auth.go:15.59,19.2 2 0
miniproject/helper/descGenereateAI.go:12.59,19.16 5 0
miniproject/helper/descGenereateAI.go:19.16,21.3 1 0
miniproject/helper/descGenereateAI.go:22.2,33.16 9 0
miniproject/helper/descGenereateAI.go:33.16,35.3 1 0
miniproject/helper/descGenereateAI.go:37.2,38.56 2 0
miniproject/helper/descGenereateAI.go:38.56,40.3 1 0
miniproject/helper/descGenereateAI.go:42.2,42.25 1 0
miniproject/helper/validator.go:14.58,15.47 1 0
miniproject/helper/validator.go:15.47,17.3 1 0
miniproject/helper/validator.go:18.2,18.12 1 0
miniproject/main.go:13.13,24.2 6 0
miniproject/internal/middlewares/user_valid.go:11.63,12.36 1 0
miniproject/internal/middlewares/user_valid.go:12.36,16.17 3 0
miniproject/internal/middlewares/user_valid.go:16.17,21.4 1 0
miniproject/internal/middlewares/user_valid.go:23.3,26.19 3 0
miniproject/internal/middlewares/user_valid.go:26.19,31.4 1 0
miniproject/internal/middlewares/user_valid.go:32.3,32.17 1 0
miniproject/internal/middlewares/user_valid.go:35.64,36.36 1 0
miniproject/internal/middlewares/user_valid.go:36.36,39.17 2 0
miniproject/internal/middlewares/user_valid.go:39.17,44.4 1 0
miniproject/internal/middlewares/user_valid.go:46.3,49.22 3 0
miniproject/internal/middlewares/user_valid.go:49.22,54.4 1 0
miniproject/internal/middlewares/user_valid.go:55.3,55.17 1 0
miniproject/internal/middlewares/user_valid.go:58.65,59.36 1 0
miniproject/internal/middlewares/user_valid.go:59.36,62.17 2 0
miniproject/internal/middlewares/user_valid.go:62.17,67.4 1 0
miniproject/internal/middlewares/user_valid.go:69.3,72.23 3 0
miniproject/internal/middlewares/user_valid.go:72.23,77.4 1 0
miniproject/internal/middlewares/user_valid.go:78.3,78.17 1 0
miniproject/internal/midtrans/midtrans.go:23.52,25.2 1 0
miniproject/internal/midtrans/midtrans.go:27.78,30.16 2 0
miniproject/internal/midtrans/midtrans.go:30.16,33.3 2 0
miniproject/internal/midtrans/midtrans.go:35.2,35.16 1 0
miniproject/internal/midtrans/midtrans.go:38.92,43.16 3 0
miniproject/internal/midtrans/midtrans.go:43.16,46.3 2 0
miniproject/internal/midtrans/midtrans.go:48.2,48.16 1 0
miniproject/internal/midtrans/midtrans.go:51.64,74.2 2 0
miniproject/internal/repository/gormDB/food_repository.go:16.60,17.73 1 0
miniproject/internal/repository/gormDB/food_repository.go:17.73,19.3 1 0
miniproject/internal/repository/gormDB/food_repository.go:21.2,21.12 1 0
miniproject/internal/repository/gormDB/food_repository.go:23.60,28.34 2 0
miniproject/internal/repository/gormDB/food_repository.go:28.34,30.3 1 0
miniproject/internal/repository/gormDB/food_repository.go:31.2,31.19 1 0
miniproject/internal/repository/gormDB/food_repository.go:34.69,39.44 3 0
miniproject/internal/repository/gormDB/food_repository.go:39.44,41.3 1 0
miniproject/internal/repository/gormDB/food_repository.go:41.8,41.23 1 0
miniproject/internal/repository/gormDB/food_repository.go:41.23,43.3 1 0
miniproject/internal/repository/gormDB/food_repository.go:45.2,45.18 1 0
miniproject/internal/repository/gormDB/food_repository.go:47.71,50.16 2 0
miniproject/internal/repository/gormDB/food_repository.go:50.16,52.3 1 0
miniproject/internal/repository/gormDB/food_repository.go:53.2,53.12 1 0
miniproject/internal/repository/gormDB/food_repository.go:55.51,58.16 2 0
miniproject/internal/repository/gormDB/food_repository.go:58.16,60.3 1 0
miniproject/internal/repository/gormDB/food_repository.go:61.2,61.12 1 0
miniproject/internal/repository/gormDB/food_repository.go:64.56,66.2 1 0
miniproject/internal/repository/gormDB/order_item_repository.go:13.79,16.16 2 0
miniproject/internal/repository/gormDB/order_item_repository.go:16.16,18.3 1 0
miniproject/internal/repository/gormDB/order_item_repository.go:20.2,20.12 1 0
miniproject/internal/repository/gormDB/order_item_repository.go:23.91,28.16 3 0
miniproject/internal/repository/gormDB/order_item_repository.go:28.16,30.3 1 0
miniproject/internal/repository/gormDB/order_item_repository.go:32.2,32.21 1 0
miniproject/internal/repository/gormDB/order_item_repository.go:35.62,37.2 1 0
miniproject/internal/repository/gormDB/order_repository.go:15.63,18.16 2 0
miniproject/internal/repository/gormDB/order_repository.go:18.16,20.3 1 0
miniproject/internal/repository/gormDB/order_repository.go:22.2,22.12 1 0
miniproject/internal/repository/gormDB/order_repository.go:24.76,29.16 3 0
miniproject/internal/repository/gormDB/order_repository.go:29.16,31.3 1 0
miniproject/internal/repository/gormDB/order_repository.go:33.2,33.20 1 0
miniproject/internal/repository/gormDB/order_repository.go:35.76,40.16 3 0
miniproject/internal/repository/gormDB/order_repository.go:40.16,41.45 1 0
miniproject/internal/repository/gormDB/order_repository.go:41.45,43.4 1 0
miniproject/internal/repository/gormDB/order_repository.go:45.3,45.46 1 0
miniproject/internal/repository/gormDB/order_repository.go:48.2,48.19 1 0
miniproject/internal/repository/gormDB/order_repository.go:51.54,53.2 1 0
miniproject/internal/repository/gormDB/payment_repository.go:15.69,18.16 2 0
miniproject/internal/repository/gormDB/payment_repository.go:18.16,20.3 1 0
miniproject/internal/repository/gormDB/payment_repository.go:22.2,22.12 1 0
miniproject/internal/repository/gormDB/payment_repository.go:24.82,29.16 3 0
miniproject/internal/repository/gormDB/payment_repository.go:29.16,30.45 1 0
miniproject/internal/repository/gormDB/payment_repository.go:30.45,32.4 1 0
miniproject/internal/repository/gormDB/payment_repository.go:34.3,34.18 1 0
miniproject/internal/repository/gormDB/payment_repository.go:37.2,37.21 1 0
miniproject/internal/repository/gormDB/payment_repository.go:39.87,42.16 2 0
miniproject/internal/repository/gormDB/payment_repository.go:42.16,44.3 1 0
miniproject/internal/repository/gormDB/payment_repository.go:46.2,46.12 1 0
miniproject/internal/repository/gormDB/payment_repository.go:49.58,51.2 1 0
miniproject/internal/repository/gormDB/user_repository.go:15.61,18.16 2 0
miniproject/internal/repository/gormDB/user_repository.go:18.16,20.3 1 0
miniproject/internal/repository/gormDB/user_repository.go:21.2,21.12 1 0
miniproject/internal/repository/gormDB/user_repository.go:24.75,29.44 3 0
miniproject/internal/repository/gormDB/user_repository.go:29.44,31.3 1 0
miniproject/internal/repository/gormDB/user_repository.go:33.2,33.18 1 0
miniproject/internal/repository/gormDB/user_repository.go:36.73,41.44 3 0
miniproject/internal/repository/gormDB/user_repository.go:41.44,43.3 1 0
miniproject/internal/repository/gormDB/user_repository.go:43.8,43.23 1 0
miniproject/internal/repository/gormDB/user_repository.go:43.23,45.3 1 0
miniproject/internal/repository/gormDB/user_repository.go:47.2,47.18 1 0
miniproject/internal/repository/gormDB/user_repository.go:49.75,52.16 2 0
miniproject/internal/repository/gormDB/user_repository.go:52.16,54.3 1 0
miniproject/internal/repository/gormDB/user_repository.go:56.2,56.12 1 0
miniproject/internal/repository/gormDB/user_repository.go:58.55,60.16 2 0
miniproject/internal/repository/gormDB/user_repository.go:60.16,62.3 1 0
miniproject/internal/repository/gormDB/user_repository.go:63.2,63.12 1 0
miniproject/internal/repository/gormDB/user_repository.go:66.56,68.2 1 0
miniproject/internal/handler/food_handler.go:19.73,21.2 1 0
miniproject/internal/handler/food_handler.go:23.67,26.40 2 0
miniproject/internal/handler/food_handler.go:26.40,31.3 1 0
miniproject/internal/handler/food_handler.go:33.2,33.45 1 0
miniproject/internal/handler/food_handler.go:33.45,38.3 1 0
miniproject/internal/handler/food_handler.go:40.2,41.16 2 0
miniproject/internal/handler/food_handler.go:41.16,46.3 1 0
miniproject/internal/handler/food_handler.go:48.2,51.4 1 0
miniproject/internal/handler/food_handler.go:54.63,57.16 2 0
miniproject/internal/handler/food_handler.go:57.16,62.3 1 0
miniproject/internal/handler/food_handler.go:63.2,67.4 1 0
miniproject/internal/handler/food_handler.go:70.68,75.16 3 0
miniproject/internal/handler/food_handler.go:75.16,80.3 1 0
miniproject/internal/handler/food_handler.go:82.2,86.4 1 0
miniproject/internal/handler/food_handler.go:89.67,94.40 3 0
miniproject/internal/handler/food_handler.go:94.40,99.3 1 0
miniproject/internal/handler/food_handler.go:101.2,101.45 1 0
miniproject/internal/handler/food_handler.go:101.45,106.3 1 0
miniproject/internal/handler/food_handler.go:108.2,110.16 2 0
miniproject/internal/handler/food_handler.go:110.16,111.49 1 0
miniproject/internal/handler/food_handler.go:111.49,116.4 1 0
miniproject/internal/handler/food_handler.go:118.3,121.5 1 0
miniproject/internal/handler/food_handler.go:123.2,126.4 1 0
miniproject/internal/handler/food_handler.go:129.66,134.16 3 0
miniproject/internal/handler/food_handler.go:134.16,135.49 1 0
miniproject/internal/handler/food_handler.go:135.49,140.4 1 0
miniproject/internal/handler/food_handler.go:142.3,145.5 1 0
miniproject/internal/handler/food_handler.go:148.2,151.4 1 0
miniproject/internal/handler/order_handler.go:19.77,21.2 1 0
miniproject/internal/handler/order_handler.go:23.71,26.42 2 0
miniproject/internal/handler/order_handler.go:26.42,31.3 1 0
miniproject/internal/handler/order_handler.go:33.2,33.45 1 0
miniproject/internal/handler/order_handler.go:33.45,38.3 1 0
miniproject/internal/handler/order_handler.go:40.2,42.16 2 0
miniproject/internal/handler/order_handler.go:42.16,43.49 1 0
miniproject/internal/handler/order_handler.go:43.49,48.4 1 0
miniproject/internal/handler/order_handler.go:50.3,53.5 1 0
miniproject/internal/handler/order_handler.go:56.2,60.4 1 0
miniproject/internal/handler/order_handler.go:63.65,68.16 3 0
miniproject/internal/handler/order_handler.go:68.16,69.49 1 0
miniproject/internal/handler/order_handler.go:69.49,74.4 1 0
miniproject/internal/handler/order_handler.go:76.3,79.5 1 0
miniproject/internal/handler/order_handler.go:82.2,86.4 1 0
miniproject/internal/handler/order_handler.go:89.62,94.16 3 0
miniproject/internal/handler/order_handler.go:94.16,95.49 1 0
miniproject/internal/handler/order_handler.go:95.49,100.4 1 0
miniproject/internal/handler/order_handler.go:102.3,105.5 1 0
miniproject/internal/handler/order_handler.go:108.2,112.4 1 0
miniproject/internal/handler/user_handler.go:19.73,21.2 1 0
miniproject/internal/handler/user_handler.go:23.65,26.41 2 0
miniproject/internal/handler/user_handler.go:26.41,31.3 1 0
miniproject/internal/handler/user_handler.go:33.2,33.44 1 0
miniproject/internal/handler/user_handler.go:33.44,38.3 1 0
miniproject/internal/handler/user_handler.go:40.2,40.57 1 0
miniproject/internal/handler/user_handler.go:40.57,45.3 1 0
miniproject/internal/handler/user_handler.go:47.2,49.16 2 0
miniproject/internal/handler/user_handler.go:49.16,50.51 1 0
miniproject/internal/handler/user_handler.go:50.51,55.4 1 0
miniproject/internal/handler/user_handler.go:56.3,59.5 1 0
miniproject/internal/handler/user_handler.go:62.2,65.4 1 0
miniproject/internal/handler/user_handler.go:69.62,75.42 2 0
miniproject/internal/handler/user_handler.go:75.42,80.3 1 0
miniproject/internal/handler/user_handler.go:82.2,84.16 2 0
miniproject/internal/handler/user_handler.go:84.16,85.49 1 0
miniproject/internal/handler/user_handler.go:85.49,90.4 1 0
miniproject/internal/handler/user_handler.go:92.3,95.5 1 0
miniproject/internal/handler/user_handler.go:98.2,104.4 1 0
miniproject/internal/handler/user_handler.go:107.67,112.16 3 0
miniproject/internal/handler/user_handler.go:112.16,117.3 1 0
miniproject/internal/handler/user_handler.go:119.2,123.4 1 0
miniproject/internal/handler/user_handler.go:126.66,130.41 3 0
miniproject/internal/handler/user_handler.go:130.41,135.3 1 0
miniproject/internal/handler/user_handler.go:137.2,137.44 1 0
miniproject/internal/handler/user_handler.go:137.44,142.3 1 0
miniproject/internal/handler/user_handler.go:144.2,144.57 1 0
miniproject/internal/handler/user_handler.go:144.57,149.3 1 0
miniproject/internal/handler/user_handler.go:151.2,153.16 2 0
miniproject/internal/handler/user_handler.go:153.16,154.49 1 0
miniproject/internal/handler/user_handler.go:154.49,159.4 1 0
miniproject/internal/handler/user_handler.go:161.3,164.5 1 0
miniproject/internal/handler/user_handler.go:167.2,170.4 1 0
miniproject/internal/handler/user_handler.go:173.66,178.16 3 0
miniproject/internal/handler/user_handler.go:178.16,179.49 1 0
miniproject/internal/handler/user_handler.go:179.49,184.4 1 0
miniproject/internal/handler/user_handler.go:186.3,189.5 1 0
miniproject/internal/handler/user_handler.go:192.2,195.4 1 0
miniproject/internal/handler/webhook_midtrans_handler.go:17.84,20.54 2 0
miniproject/internal/handler/webhook_midtrans_handler.go:20.54,25.3 1 0
miniproject/internal/handler/webhook_midtrans_handler.go:27.2,31.16 3 0
miniproject/internal/handler/webhook_midtrans_handler.go:31.16,32.49 1 0
miniproject/internal/handler/webhook_midtrans_handler.go:32.49,37.4 1 0
miniproject/internal/handler/webhook_midtrans_handler.go:39.3,42.5 1 0
miniproject/internal/handler/webhook_midtrans_handler.go:45.2,48.4 1 0
miniproject/internal/handler/webhook_midtrans_handler.go:51.125,53.2 1 0
miniproject/internal/repository/mocks/FoodRepository.go:17.60,23.2 2 0
miniproject/internal/repository/mocks/FoodRepository.go:26.51,30.2 2 0
miniproject/internal/repository/mocks/FoodRepository.go:33.60,38.2 2 0
miniproject/internal/repository/mocks/FoodRepository.go:41.69,46.2 2 0
miniproject/internal/repository/mocks/FoodRepository.go:49.71,53.2 2 0
miniproject/internal/repository/mocks/OrderItemRepository.go:13.82,16.2 2 0
miniproject/internal/repository/mocks/OrderItemRepository.go:18.94,21.2 2 0
miniproject/internal/repository/mocks/OrderRepository.go:13.66,16.2 2 0
miniproject/internal/repository/mocks/OrderRepository.go:18.79,21.2 2 0
miniproject/internal/repository/mocks/OrderRepository.go:23.79,26.2 2 0
miniproject/internal/repository/mocks/PaymentRepository.go:13.72,16.2 2 0
miniproject/internal/repository/mocks/PaymentRepository.go:18.85,21.2 2 0
miniproject/internal/repository/mocks/PaymentRepository.go:23.90,26.2 2 0
miniproject/internal/repository/mocks/UserRepository.go:13.63,16.2 2 0
miniproject/internal/repository/mocks/UserRepository.go:18.78,21.2 2 0
miniproject/internal/repository/mocks/UserRepository.go:23.76,26.2 2 0
miniproject/internal/repository/mocks/UserRepository.go:28.78,31.2 2 0
miniproject/internal/repository/mocks/UserRepository.go:33.58,36.2 2 0
miniproject/internal/routes/route.go:20.37,25.50 2 0
miniproject/internal/routes/route.go:25.50,27.4 1 0
miniproject/internal/routes/route.go:28.55,29.55 1 0
miniproject/internal/routes/route.go:29.55,34.5 1 0
miniproject/internal/routes/route.go:35.4,35.55 1 0
miniproject/internal/routes/route.go:35.55,40.5 1 0
miniproject/internal/routes/route.go:42.4,45.6 1 0
miniproject/internal/routes/route.go:49.2,85.56 30 0
miniproject/configs/config.go:23.19,30.45 5 1
miniproject/configs/config.go:30.45,32.3 1 1
miniproject/configs/config.go:34.2,34.46 1 1
miniproject/configs/config.go:34.46,36.3 1 0
miniproject/configs/config.go:38.2,38.11 1 1
miniproject/helper/JWT_token.go:19.62,32.2 3 1
miniproject/helper/JWT_token.go:34.56,40.110 4 0
miniproject/helper/JWT_token.go:40.110,41.58 1 0
miniproject/helper/JWT_token.go:41.58,43.4 1 0
miniproject/helper/JWT_token.go:45.3,45.44 1 0
miniproject/helper/JWT_token.go:48.2,48.16 1 0
miniproject/helper/JWT_token.go:48.16,50.3 1 0
miniproject/helper/JWT_token.go:52.2,52.17 1 0
miniproject/helper/JWT_token.go:52.17,59.3 2 0
miniproject/helper/JWT_token.go:61.2,61.17 1 0
miniproject/helper/auth.go:7.52,13.2 3 1
miniproject/helper/auth.go:15.59,19.2 2 1
miniproject/helper/descGenereateAI.go:12.59,19.16 5 0
miniproject/helper/descGenereateAI.go:19.16,21.3 1 0
miniproject/helper/descGenereateAI.go:22.2,33.16 9 0
miniproject/helper/descGenereateAI.go:33.16,35.3 1 0
miniproject/helper/descGenereateAI.go:37.2,38.56 2 0
miniproject/helper/descGenereateAI.go:38.56,40.3 1 0
miniproject/helper/descGenereateAI.go:42.2,42.25 1 0
miniproject/helper/validator.go:14.58,15.47 1 0
miniproject/helper/validator.go:15.47,17.3 1 0
miniproject/helper/validator.go:18.2,18.12 1 0
miniproject/internal/midtrans/midtrans.go:23.52,25.2 1 0
miniproject/internal/midtrans/midtrans.go:27.78,30.16 2 0
miniproject/internal/midtrans/midtrans.go:30.16,33.3 2 0
miniproject/internal/midtrans/midtrans.go:35.2,35.16 1 0
miniproject/internal/midtrans/midtrans.go:38.92,43.16 3 0
miniproject/internal/midtrans/midtrans.go:43.16,46.3 2 0
miniproject/internal/midtrans/midtrans.go:48.2,48.16 1 0
miniproject/internal/midtrans/midtrans.go:51.64,74.2 2 0
miniproject/internal/repository/mocks/FoodRepository.go:17.60,23.2 2 0
miniproject/internal/repository/mocks/FoodRepository.go:26.51,30.2 2 1
miniproject/internal/repository/mocks/FoodRepository.go:33.60,38.2 2 1
miniproject/internal/repository/mocks/FoodRepository.go:41.69,46.2 2 1
miniproject/internal/repository/mocks/FoodRepository.go:49.71,53.2 2 0
miniproject/internal/repository/mocks/OrderItemRepository.go:13.82,16.2 2 0
miniproject/internal/repository/mocks/OrderItemRepository.go:18.94,21.2 2 1
miniproject/internal/repository/mocks/OrderRepository.go:13.66,16.2 2 0
miniproject/internal/repository/mocks/OrderRepository.go:18.79,21.2 2 1
miniproject/internal/repository/mocks/OrderRepository.go:23.79,26.2 2 1
miniproject/internal/repository/mocks/PaymentRepository.go:13.72,16.2 2 0
miniproject/internal/repository/mocks/PaymentRepository.go:18.85,21.2 2 1
miniproject/internal/repository/mocks/PaymentRepository.go:23.90,26.2 2 0
miniproject/internal/repository/mocks/UserRepository.go:13.63,16.2 2 1
miniproject/internal/repository/mocks/UserRepository.go:18.78,21.2 2 1
miniproject/internal/repository/mocks/UserRepository.go:23.76,26.2 2 1
miniproject/internal/repository/mocks/UserRepository.go:28.78,31.2 2 1
miniproject/internal/repository/mocks/UserRepository.go:33.58,36.2 2 1
miniproject/internal/usecase/food_usecase.go:27.69,31.2 1 1
miniproject/internal/usecase/food_usecase.go:33.69,36.16 2 0
miniproject/internal/usecase/food_usecase.go:36.16,38.3 1 0
miniproject/internal/usecase/food_usecase.go:40.2,52.34 2 0
miniproject/internal/usecase/food_usecase.go:55.60,58.16 2 1
miniproject/internal/usecase/food_usecase.go:58.16,60.3 1 0
miniproject/internal/usecase/food_usecase.go:62.2,62.19 1 1
miniproject/internal/usecase/food_usecase.go:65.69,68.16 2 1
miniproject/internal/usecase/food_usecase.go:68.16,70.3 1 0
miniproject/internal/usecase/food_usecase.go:72.2,72.18 1 1
miniproject/internal/usecase/food_usecase.go:75.79,81.16 3 0
miniproject/internal/usecase/food_usecase.go:81.16,83.3 1 0
miniproject/internal/usecase/food_usecase.go:84.2,85.16 2 0
miniproject/internal/usecase/food_usecase.go:85.16,87.3 1 0
miniproject/internal/usecase/food_usecase.go:89.2,98.38 2 0
miniproject/internal/usecase/food_usecase.go:101.51,106.16 3 1
miniproject/internal/usecase/food_usecase.go:106.16,108.3 1 0
miniproject/internal/usecase/food_usecase.go:110.2,112.16 2 1
miniproject/internal/usecase/food_usecase.go:112.16,114.3 1 0
miniproject/internal/usecase/food_usecase.go:116.2,116.12 1 1
miniproject/internal/usecase/order_usecase.go:30.105,38.16 5 0
miniproject/internal/usecase/order_usecase.go:38.16,40.3 1 0
miniproject/internal/usecase/order_usecase.go:42.2,45.37 3 0
miniproject/internal/usecase/order_usecase.go:45.37,48.17 2 0
miniproject/internal/usecase/order_usecase.go:48.17,50.4 1 0
miniproject/internal/usecase/order_usecase.go:50.9,50.58 1 0
miniproject/internal/usecase/order_usecase.go:50.58,52.4 1 0
miniproject/internal/usecase/order_usecase.go:54.3,57.66 3 0
miniproject/internal/usecase/order_usecase.go:57.66,59.4 1 0
miniproject/internal/usecase/order_usecase.go:61.3,62.31 2 0
miniproject/internal/usecase/order_usecase.go:65.2,74.61 3 0
miniproject/internal/usecase/order_usecase.go:74.61,76.3 1 0
miniproject/internal/usecase/order_usecase.go:78.2,88.57 3 0
miniproject/internal/usecase/order_usecase.go:88.57,90.3 1 0
miniproject/internal/usecase/order_usecase.go:92.2,93.23 2 0
miniproject/internal/usecase/order_usecase.go:93.23,102.3 2 0
miniproject/internal/usecase/order_usecase.go:104.2,104.69 1 0
miniproject/internal/usecase/order_usecase.go:104.69,106.3 1 0
miniproject/internal/usecase/order_usecase.go:108.2,109.23 2 0
miniproject/internal/usecase/order_usecase.go:109.23,118.3 2 0
miniproject/internal/usecase/order_usecase.go:120.2,131.72 4 0
miniproject/internal/usecase/order_usecase.go:131.72,133.3 1 0
miniproject/internal/usecase/order_usecase.go:135.2,148.18 2 0
miniproject/internal/usecase/order_usecase.go:151.80,153.16 2 1
miniproject/internal/usecase/order_usecase.go:153.16,155.3 1 0
miniproject/internal/usecase/order_usecase.go:157.2,159.16 2 1
miniproject/internal/usecase/order_usecase.go:159.16,161.3 1 0
miniproject/internal/usecase/order_usecase.go:163.2,163.20 1 1
miniproject/internal/usecase/order_usecase.go:166.77,168.16 2 1
miniproject/internal/usecase/order_usecase.go:168.16,170.3 1 0
miniproject/internal/usecase/order_usecase.go:171.2,173.16 2 1
miniproject/internal/usecase/order_usecase.go:173.16,175.3 1 0
miniproject/internal/usecase/order_usecase.go:177.2,179.16 2 1
miniproject/internal/usecase/order_usecase.go:179.16,181.3 1 0
miniproject/internal/usecase/order_usecase.go:183.2,191.8 1 1
miniproject/internal/usecase/order_usecase.go:201.16,209.2 1 1
miniproject/internal/usecase/paymen_gateway_usecase.go:24.58,26.2 1 0
miniproject/internal/usecase/paymen_gateway_usecase.go:28.75,33.26 3 0
miniproject/internal/usecase/paymen_gateway_usecase.go:33.26,35.3 1 0
miniproject/internal/usecase/paymen_gateway_usecase.go:37.2,39.16 2 0
miniproject/internal/usecase/paymen_gateway_usecase.go:39.16,41.3 1 0
miniproject/internal/usecase/paymen_gateway_usecase.go:43.2,46.16 3 0
miniproject/internal/usecase/paymen_gateway_usecase.go:46.16,48.3 1 0
miniproject/internal/usecase/paymen_gateway_usecase.go:50.2,50.108 1 0
miniproject/internal/usecase/paymen_gateway_usecase.go:50.108,55.74 4 0
miniproject/internal/usecase/paymen_gateway_usecase.go:55.74,57.4 1 0
miniproject/internal/usecase/paymen_gateway_usecase.go:59.8,59.61 1 0
miniproject/internal/usecase/paymen_gateway_usecase.go:59.61,64.74 4 0
miniproject/internal/usecase/paymen_gateway_usecase.go:64.74,66.4 1 0
miniproject/internal/usecase/paymen_gateway_usecase.go:68.8,68.118 1 0
miniproject/internal/usecase/paymen_gateway_usecase.go:68.118,73.74 4 0
miniproject/internal/usecase/paymen_gateway_usecase.go:73.74,75.4 1 0
miniproject/internal/usecase/paymen_gateway_usecase.go:77.8,77.64 1 0
miniproject/internal/usecase/paymen_gateway_usecase.go:77.64,81.74 3 0
miniproject/internal/usecase/paymen_gateway_usecase.go:81.74,83.4 1 0
miniproject/internal/usecase/paymen_gateway_usecase.go:86.2,86.12 1 0
miniproject/internal/usecase/paymen_gateway_usecase.go:92.25,97.2 1 0
miniproject/internal/usecase/user_usecase.go:29.15,33.2 1 1
miniproject/internal/usecase/user_usecase.go:35.70,38.17 2 1
miniproject/internal/usecase/user_usecase.go:38.17,40.3 1 1
miniproject/internal/usecase/user_usecase.go:42.2,58.16 4 1
miniproject/internal/usecase/user_usecase.go:58.16,60.3 1 0
miniproject/internal/usecase/user_usecase.go:62.2,62.12 1 1
miniproject/internal/usecase/user_usecase.go:65.79,69.16 2 1
miniproject/internal/usecase/user_usecase.go:69.16,71.3 1 0
miniproject/internal/usecase/user_usecase.go:73.2,75.9 2 1
miniproject/internal/usecase/user_usecase.go:75.9,77.3 1 1
miniproject/internal/usecase/user_usecase.go:79.2,81.19 2 1
miniproject/internal/usecase/user_usecase.go:84.72,87.16 2 1
miniproject/internal/usecase/user_usecase.go:87.16,89.3 1 0
miniproject/internal/usecase/user_usecase.go:91.2,91.18 1 1
miniproject/internal/usecase/user_usecase.go:94.78,99.16 3 1
miniproject/internal/usecase/user_usecase.go:99.16,101.3 1 0
miniproject/internal/usecase/user_usecase.go:103.2,113.16 3 1
miniproject/internal/usecase/user_usecase.go:113.16,115.3 1 0
miniproject/internal/usecase/user_usecase.go:117.2,117.12 1 1
miniproject/internal/usecase/user_usecase.go:120.54,125.16 3 1
miniproject/internal/usecase/user_usecase.go:125.16,127.3 1 0
miniproject/internal/usecase/user_usecase.go:128.2,130.16 2 1
miniproject/internal/usecase/user_usecase.go:130.16,132.3 1 0
miniproject/internal/usecase/user_usecase.go:134.2,134.12 1 1
